

Version:	3.50
CmdLine:	C:\Users\Matan Zhivotovsky\Documents\Programming\OOP\Mario2\build\libs\Super_Mario.exe --l4j-debug
JNI:		No
WOW64:		Yes
Working dir:	C:\Users\Matan Zhivotovsky\Documents\Programming\OOP\Mario2\build\libs\.
Requires JDK:	No
Requires 64-Bit: No
Java min ver:	
Java max ver:	
Substitute:	JAVA_HOME = 
Substitute:	PATH = C:\Program Files\Common Files\Oracle\Java\javapath;C:\WINDOWS\system32;C:\WINDOWS;C:\WINDOWS\System32\Wbem;C:\WINDOWS\System32\WindowsPowerShell\v1.0\;C:\WINDOWS\System32\OpenSSH\;C:\Program Files\dotnet\;C:\Program Files\nodejs\;C:\Program Files\Git\cmd;C:\Gradle\gradle-8.10.2\bin;;C:\Program Files\Docker\Docker\resources\bin;C:\Users\Matan Zhivotovsky\AppData\Local\Programs\Python\Launcher\;C:\Users\Matan Zhivotovsky\AppData\Local\Microsoft\WindowsApps;C:\Users\Matan Zhivotovsky\AppData\Local\Programs\Microsoft VS Code\bin;C:\Users\Matan Zhivotovsky\AppData\Roaming\npm;C:\Users\Matan Zhivotovsky\apache-ant-1.10.13\bin;C:\Program Files\Java\jdk-17\bin
JRE paths:	;C:\Program Files\Common Files\Oracle\Java\javapath;C:\WINDOWS\system32;C:\WINDOWS;C:\WINDOWS\System32\Wbem;C:\WINDOWS\System32\WindowsPowerShell\v1.0\;C:\WINDOWS\System32\OpenSSH\;C:\Program Files\dotnet\;C:\Program Files\nodejs\;C:\Program Files\Git\cmd;C:\Gradle\gradle-8.10.2\bin;;C:\Program Files\Docker\Docker\resources\bin;C:\Users\Matan Zhivotovsky\AppData\Local\Programs\Python\Launcher\;C:\Users\Matan Zhivotovsky\AppData\Local\Microsoft\WindowsApps;C:\Users\Matan Zhivotovsky\AppData\Local\Programs\Microsoft VS Code\bin;C:\Users\Matan Zhivotovsky\AppData\Roaming\npm;C:\Users\Matan Zhivotovsky\apache-ant-1.10.13\bin;C:\Program Files\Java\jdk-17\bin
Check launcher:	C:\Program Files\Common Files\Oracle\Java\javapath\bin\javaw.exe (not found)
Check launcher:	C:\WINDOWS\system32\bin\javaw.exe (not found)
Check launcher:	C:\WINDOWS\bin\javaw.exe (not found)
Check launcher:	C:\WINDOWS\System32\Wbem\bin\javaw.exe (not found)
Check launcher:	C:\WINDOWS\System32\WindowsPowerShell\v1.0\bin\javaw.exe (not found)
Check launcher:	C:\WINDOWS\System32\OpenSSH\bin\javaw.exe (not found)
Check launcher:	C:\Program Files\dotnet\bin\javaw.exe (not found)
Check launcher:	C:\Program Files\nodejs\bin\javaw.exe (not found)
Check launcher:	C:\Program Files\Git\cmd\bin\javaw.exe (not found)
Check launcher:	C:\Gradle\gradle-8.10.2\bin\javaw.exe (not found)
Check launcher:	C:\Program Files\Docker\Docker\resources\bin\javaw.exe (not found)
Check launcher:	C:\Users\Matan Zhivotovsky\AppData\Local\Programs\Python\Launcher\bin\javaw.exe (not found)
Check launcher:	C:\Users\Matan Zhivotovsky\AppData\Local\Microsoft\WindowsApps\bin\javaw.exe (not found)
Check launcher:	C:\Users\Matan Zhivotovsky\AppData\Local\Programs\Microsoft VS Code\bin\javaw.exe (not found)
Check launcher:	C:\Users\Matan Zhivotovsky\AppData\Roaming\npm\bin\javaw.exe (not found)
Check launcher:	C:\Users\Matan Zhivotovsky\apache-ant-1.10.13\bin\javaw.exe (not found)
Check launcher:	C:\Program Files\Java\jdk-17\bin\javaw.exe (OK)
Version string: 1.017.000_011 / 64-Bit (OK)
Launcher:	C:\Program Files\Java\jdk-17\bin\javaw.exe
Launcher args:	-jar "C:\Users\Matan Zhivotovsky\Documents\Programming\OOP\Mario2\build\libs\Super_Mario.exe"
Args length:	93/32768 chars
Exit code:	0
